\BOOKMARK [1][-]{section.1}{\376\377\000I\000n\000t\000r\000o\000d\000u\000c\000t\000i\000o\000n}{}% 1
\BOOKMARK [1][-]{section.2}{\376\377\000R\000a\000w\000\040\000d\000a\000t\000a\000\040\000p\000r\000o\000c\000e\000s\000s\000i\000n\000g}{}% 2
\BOOKMARK [2][-]{subsection.2.1}{\376\377\000D\000a\000t\000a\000\040\000h\000a\000r\000v\000e\000s\000t\000i\000n\000g}{section.2}% 3
\BOOKMARK [2][-]{subsection.2.2}{\376\377\000R\000a\000w\000\040\000d\000a\000t\000a\000:\000\040\000S\000W\000S\000\040\000d\000a\000t\000a\000t\000a\000b\000l\000e\000s\000\040\000v\000s\000.\000\040\000R\000D\000S\000\040\000f\000i\000l\000e\000s}{section.2}% 4
\BOOKMARK [2][-]{subsection.2.3}{\376\377\000`\000`\000P\000r\000e\000-\000P\000r\000o\000c\000e\000s\000s\000i\000n\000g\000\040\000R\000e\000p\000o\000r\000t\000'\000'\000\040\000p\000l\000u\000g\000i\000n}{section.2}% 5
\BOOKMARK [1][-]{section.3}{\376\377\000B\000i\000l\000a\000t\000e\000r\000a\000l\000\040\000t\000r\000a\000d\000e\000\040\000p\000r\000o\000c\000e\000s\000s\000i\000n\000g}{}% 6
\BOOKMARK [2][-]{subsection.3.1}{\376\377\000`\000`\000C\000o\000m\000p\000l\000e\000t\000e\000\040\000T\000r\000a\000d\000e\000\040\000F\000l\000o\000w\000\040\000C\000P\000C\000'\000'\000\040\000p\000l\000u\000g\000i\000n\000\040\000\050\000b\000i\000l\000a\000t\000e\000r\000a\000l\000\040\000t\000r\000a\000n\000s\000a\000c\000t\000i\000o\000n\000s\000\051}{section.3}% 7
\BOOKMARK [2][-]{subsection.3.2}{\376\377\000F\000l\000a\000g\000s\000\040\000m\000a\000n\000a\000g\000e\000m\000e\000n\000t}{section.3}% 8
\BOOKMARK [2][-]{subsection.3.3}{\376\377\000C\000o\000n\000v\000e\000r\000s\000i\000o\000n\000\040\000t\000o\000\040\000F\000A\000O\000\040\000S\000W\000S\000\040\000s\000t\000a\000n\000d\000a\000r\000d\000s}{section.3}% 9
\BOOKMARK [2][-]{subsection.3.4}{\376\377\000U\000s\000e\000\040\000o\000f\000\040\000v\000a\000l\000i\000d\000a\000t\000i\000o\000n\000\040\000c\000o\000r\000r\000e\000c\000t\000i\000o\000n\000s}{section.3}% 10
\BOOKMARK [2][-]{subsection.3.5}{\376\377\000R\000e\000m\000o\000v\000e\000\040\000n\000o\000n\000-\000e\000x\000i\000s\000t\000e\000n\000t\000\040\000t\000r\000a\000n\000s\000a\000c\000t\000i\000o\000n\000s}{section.3}% 11
\BOOKMARK [2][-]{subsection.3.6}{\376\377\000`\000`\000T\000o\000t\000a\000l\000\040\000T\000r\000a\000d\000e\000\040\000C\000P\000C\000'\000'\000\040\000p\000l\000u\000g\000i\000n\000\040\000\050\000t\000o\000t\000a\000l\000s\000\040\000b\000y\000\040\000r\000e\000p\000o\000r\000t\000e\000r\000\051}{section.3}% 12
\BOOKMARK [1][-]{section.4}{\376\377\000D\000a\000t\000a\000\040\000v\000a\000l\000i\000d\000a\000t\000i\000o\000n}{}% 13
\BOOKMARK [2][-]{subsection.4.1}{\376\377\000L\000i\000s\000t\000\040\000o\000f\000\040\000v\000a\000l\000i\000d\000a\000t\000i\000o\000n\000\040\000p\000l\000u\000g\000i\000n\000s}{section.4}% 14
\BOOKMARK [2][-]{subsection.4.2}{\376\377\000I\000n\000t\000e\000r\000a\000c\000t\000i\000v\000e\000\040\000t\000o\000o\000l\000\040\000f\000o\000r\000\040\000d\000a\000t\000a\000\040\000v\000a\000l\000i\000d\000a\000t\000i\000o\000n\000\040\000\050\000S\000h\000i\000n\000y\000\040\000t\000o\000o\000l\000\051}{section.4}% 15
\BOOKMARK [1][-]{section.5}{\376\377\000W\000o\000r\000k\000f\000l\000o\000w}{}% 16
\BOOKMARK [2][-]{subsection.5.1}{\376\377\000F\000l\000o\000w\000\040\000c\000h\000a\000r\000t}{section.5}% 17
\BOOKMARK [2][-]{subsection.5.2}{\376\377\000P\000l\000u\000g\000i\000n\000\040\000f\000l\000o\000w}{section.5}% 18
\BOOKMARK [2][-]{subsection.5.3}{\376\377\000V\000a\000l\000i\000d\000a\000t\000i\000o\000n\000\040\000f\000l\000o\000w}{section.5}% 19
\BOOKMARK [1][-]{section.6}{\376\377\000F\000u\000t\000u\000r\000e\000\040\000w\000o\000r\000k}{}% 20
\BOOKMARK [2][-]{subsection.6.1}{\376\377\000S\000t\000r\000e\000a\000m\000l\000i\000n\000e\000\040\000r\000a\000w\000\040\000d\000a\000t\000a\000\040\000u\000p\000d\000a\000t\000e\000s}{section.6}% 21
\BOOKMARK [2][-]{subsection.6.2}{\376\377\000O\000u\000t\000l\000i\000e\000r\000\040\000i\000d\000e\000n\000t\000i\000f\000i\000c\000a\000t\000i\000o\000n\000/\000i\000m\000p\000u\000t\000a\000t\000i\000o\000n\000\040\000a\000t\000\040\000t\000h\000e\000\040\000b\000i\000l\000a\000t\000e\000r\000a\000l\000\040\000l\000e\000v\000e\000l}{section.6}% 22
\BOOKMARK [2][-]{subsection.6.3}{\376\377\000C\000I\000F\000/\000F\000O\000B}{section.6}% 23
\BOOKMARK [2][-]{subsection.6.4}{\376\377\000S\000e\000l\000f\000\040\000t\000r\000a\000d\000e\000\040\000a\000n\000a\000l\000y\000s\000i\000s}{section.6}% 24
\BOOKMARK [2][-]{subsection.6.5}{\376\377\000M\000a\000p\000p\000i\000n\000g\000\040\000f\000r\000o\000m\000\040\000H\000S\000\040\000t\000o\000\040\000F\000C\000L\000/\000C\000P\000C}{section.6}% 25
\BOOKMARK [2][-]{subsection.6.6}{\376\377\000M\000a\000p\000p\000i\000n\000g\000\040\000f\000r\000o\000m\000\040\000C\000o\000m\000t\000r\000a\000d\000e\000\040\000M\0004\0009\000\040\000a\000n\000d\000\040\000G\000e\000o\000n\000o\000m\000e\000n\000c\000l\000a\000t\000u\000r\000e\000\040\000d\000i\000r\000e\000c\000t\000l\000y\000\040\000t\000o\000\040\000M\0004\0009}{section.6}% 26
\BOOKMARK [2][-]{subsection.6.7}{\376\377\000F\000o\000o\000d\000-\000a\000i\000d}{section.6}% 27
\BOOKMARK [2][-]{subsection.6.8}{\376\377\000O\000t\000h\000e\000r\000\040\000t\000a\000s\000k\000s}{section.6}% 28
\BOOKMARK [1][-]{section*.2}{\376\377\000A\000p\000p\000e\000n\000d\000i\000x\000:\000\040\000S\000t\000a\000t\000i\000s\000t\000i\000c\000a\000l\000\040\000W\000o\000r\000k\000i\000n\000g\000\040\000S\000y\000s\000t\000e\000m}{}% 29
\BOOKMARK [2][-]{subsection.6.9}{\376\377\000D\000a\000t\000a\000s\000e\000t\000s\000\040\000a\000n\000d\000\040\000d\000a\000t\000a\000t\000a\000b\000l\000e\000s}{section*.2}% 30
\BOOKMARK [2][-]{subsection.6.10}{\376\377\000R\000\040\000s\000e\000r\000v\000e\000r}{section*.2}% 31
\BOOKMARK [2][-]{subsection.6.11}{\376\377\000S\000p\000e\000c\000i\000f\000i\000c\000\040\000p\000l\000u\000g\000i\000n\000s\000-\000r\000e\000l\000a\000t\000e\000d\000\040\000i\000n\000f\000o\000r\000m\000a\000t\000i\000o\000n}{section*.2}% 32
\BOOKMARK [1][-]{section*.3}{\376\377\000A\000p\000p\000e\000n\000d\000i\000x\000:\000\040\000A\000c\000c\000e\000s\000s\000i\000n\000g\000/\000u\000p\000d\000a\000t\000i\000n\000g\000\040\000f\000i\000l\000e\000s\000\040\000i\000n\000\040\000t\000h\000e\000\040\000R\000\040\000s\000h\000a\000r\000e\000d\000\040\000d\000r\000i\000v\000e}{}% 33
\BOOKMARK [1][-]{section*.4}{\376\377\000D\000i\000s\000c\000l\000a\000i\000m\000e\000r}{}% 34
